# JRE version: Java(TM) SE Runtime Environment (22.0.2+9) (build 22.0.2+9-70)
# Java VM: Java HotSpot(TM) 64-Bit Server VM (22.0.2+9-70, mixed mode, sharing, tiered, compressed oops, compressed class ptrs, g1 gc, windows-amd64)
GC Precious Log:
 CardTable entry size: 512
 Card Set container configuration: InlinePtr #cards 5 size 8 Array Of Cards #cards 12 size 40 Howl #buckets 4 coarsen threshold 1843 Howl Bitmap #cards 512 size 80 coarsen threshold 460 Card regions per heap region 1 cards per card region 2048
 CPUs: 12 total, 12 available
 Memory: 5996M
 Large Page Support: Disabled
 NUMA Support: Disabled
 Compressed Oops: Enabled (32-bit)
 Heap Region Size: 1M
 Heap Min Capacity: 8M
 Heap Initial Capacity: 94M
 Heap Max Capacity: 1500M
 Pre-touch: Disabled
 Parallel Workers: 10
 Concurrent Workers: 3
 Concurrent Refinement Workers: 10
 Periodic GC: Disabled
Heap:
 garbage-first heap   total reserved 1536000K, committed 59392K, used 45475K [0x00000000a2400000, 0x0000000100000000)
  region size 1024K, 30 young (30720K), 3 survivors (3072K)
 Metaspace       used 49889K, committed 50496K, reserved 1114112K
  class space    used 7152K, committed 7424K, reserved 1048576K
GC Heap History (14 events):
Event: 0.814 GC heap before
{Heap before GC invocations=0 (full 0):
 garbage-first heap   total reserved 1536000K, committed 96256K, used 25600K [0x00000000a2400000, 0x0000000100000000)
  region size 1024K, 24 young (24576K), 0 survivors (0K)
 Metaspace       used 6388K, committed 6656K, reserved 1114112K
  class space    used 758K, committed 896K, reserved 1048576K
}
Event: 0.821 GC heap after
{Heap after GC invocations=1 (full 0):
 garbage-first heap   total reserved 1536000K, committed 96256K, used 7247K [0x00000000a2400000, 0x0000000100000000)
  region size 1024K, 3 young (3072K), 3 survivors (3072K)
 Metaspace       used 6388K, committed 6656K, reserved 1114112K
  class space    used 758K, committed 896K, reserved 1048576K
}
Event: 1.426 GC heap before
{Heap before GC invocations=1 (full 0):
 garbage-first heap   total reserved 1536000K, committed 96256K, used 38991K [0x00000000a2400000, 0x0000000100000000)
  region size 1024K, 35 young (35840K), 3 survivors (3072K)
 Metaspace       used 14847K, committed 15232K, reserved 1114112K
  class space    used 2010K, committed 2176K, reserved 1048576K
}
Event: 1.432 GC heap after
{Heap after GC invocations=2 (full 0):
 garbage-first heap   total reserved 1536000K, committed 96256K, used 9804K [0x00000000a2400000, 0x0000000100000000)
  region size 1024K, 3 young (3072K), 3 survivors (3072K)
 Metaspace       used 14847K, committed 15232K, reserved 1114112K
  class space    used 2010K, committed 2176K, reserved 1048576K
}
Event: 2.161 GC heap before
{Heap before GC invocations=2 (full 0):
 garbage-first heap   total reserved 1536000K, committed 96256K, used 49740K [0x00000000a2400000, 0x0000000100000000)
  region size 1024K, 44 young (45056K), 3 survivors (3072K)
 Metaspace       used 21035K, committed 21504K, reserved 1114112K
  class space    used 2857K, committed 3072K, reserved 1048576K
}
Event: 2.166 GC heap after
{Heap after GC invocations=3 (full 0):
 garbage-first heap   total reserved 1536000K, committed 96256K, used 13694K [0x00000000a2400000, 0x0000000100000000)
  region size 1024K, 7 young (7168K), 7 survivors (7168K)
 Metaspace       used 21035K, committed 21504K, reserved 1114112K
  class space    used 2857K, committed 3072K, reserved 1048576K
}
Event: 3.041 GC heap before
{Heap before GC invocations=4 (full 0):
 garbage-first heap   total reserved 1536000K, committed 48128K, used 47486K [0x00000000a2400000, 0x0000000100000000)
  region size 1024K, 40 young (40960K), 7 survivors (7168K)
 Metaspace       used 30588K, committed 31104K, reserved 1114112K
  class space    used 4269K, committed 4480K, reserved 1048576K
}
Event: 3.047 GC heap after
{Heap after GC invocations=5 (full 0):
 garbage-first heap   total reserved 1536000K, committed 59392K, used 16913K [0x00000000a2400000, 0x0000000100000000)
  region size 1024K, 4 young (4096K), 4 survivors (4096K)
 Metaspace       used 30588K, committed 31104K, reserved 1114112K
  class space    used 4269K, committed 4480K, reserved 1048576K
}
Event: 3.401 GC heap before
{Heap before GC invocations=5 (full 0):
 garbage-first heap   total reserved 1536000K, committed 59392K, used 37393K [0x00000000a2400000, 0x0000000100000000)
  region size 1024K, 25 young (25600K), 4 survivors (4096K)
 Metaspace       used 35689K, committed 36096K, reserved 1114112K
  class space    used 4942K, committed 5120K, reserved 1048576K
}
Event: 3.405 GC heap after
{Heap after GC invocations=6 (full 0):
 garbage-first heap   total reserved 1536000K, committed 59392K, used 18352K [0x00000000a2400000, 0x0000000100000000)
  region size 1024K, 2 young (2048K), 2 survivors (2048K)
 Metaspace       used 35689K, committed 36096K, reserved 1114112K
  class space    used 4942K, committed 5120K, reserved 1048576K
}
Event: 3.422 GC heap before
{Heap before GC invocations=6 (full 0):
 garbage-first heap   total reserved 1536000K, committed 59392K, used 18352K [0x00000000a2400000, 0x0000000100000000)
  region size 1024K, 3 young (3072K), 2 survivors (2048K)
 Metaspace       used 35972K, committed 36416K, reserved 1114112K
  class space    used 4968K, committed 5184K, reserved 1048576K
}
Event: 3.423 GC heap after
{Heap after GC invocations=7 (full 0):
 garbage-first heap   total reserved 1536000K, committed 59392K, used 18290K [0x00000000a2400000, 0x0000000100000000)
  region size 1024K, 2 young (2048K), 2 survivors (2048K)
 Metaspace       used 35972K, committed 36416K, reserved 1114112K
  class space    used 4968K, committed 5184K, reserved 1048576K
}
Event: 3.972 GC heap before
{Heap before GC invocations=8 (full 0):
 garbage-first heap   total reserved 1536000K, committed 59392K, used 46962K [0x00000000a2400000, 0x0000000100000000)
  region size 1024K, 31 young (31744K), 2 survivors (2048K)
 Metaspace       used 44638K, committed 45184K, reserved 1114112K
  class space    used 6443K, committed 6656K, reserved 1048576K
}
Event: 3.974 GC heap after
{Heap after GC invocations=9 (full 0):
 garbage-first heap   total reserved 1536000K, committed 59392K, used 19875K [0x00000000a2400000, 0x0000000100000000)
  region size 1024K, 3 young (3072K), 3 survivors (3072K)
 Metaspace       used 44638K, committed 45184K, reserved 1114112K
  class space    used 6443K, committed 6656K, reserved 1048576K
}

