# JRE version: Java(TM) SE Runtime Environment (22.0.2+9) (build 22.0.2+9-70)
# Java VM: Java HotSpot(TM) 64-Bit Server VM (22.0.2+9-70, mixed mode, sharing, tiered, compressed oops, compressed class ptrs, g1 gc, windows-amd64)
GC Precious Log:
 CardTable entry size: 512
 Card Set container configuration: InlinePtr #cards 5 size 8 Array Of Cards #cards 12 size 40 Howl #buckets 4 coarsen threshold 1843 Howl Bitmap #cards 512 size 80 coarsen threshold 460 Card regions per heap region 1 cards per card region 2048
 CPUs: 12 total, 12 available
 Memory: 5996M
 Large Page Support: Disabled
 NUMA Support: Disabled
 Compressed Oops: Enabled (32-bit)
 Heap Region Size: 1M
 Heap Min Capacity: 8M
 Heap Initial Capacity: 94M
 Heap Max Capacity: 1500M
 Pre-touch: Disabled
 Parallel Workers: 10
 Concurrent Workers: 3
 Concurrent Refinement Workers: 10
 Periodic GC: Disabled
Heap:
 garbage-first heap   total reserved 1536000K, committed 92160K, used 53576K [0x00000000a2400000, 0x0000000100000000)
  region size 1024K, 18 young (18432K), 5 survivors (5120K)
 Metaspace       used 76399K, committed 77184K, reserved 1179648K
  class space    used 10650K, committed 11008K, reserved 1048576K
GC Heap History (20 events):
Event: 1.645 GC heap before
{Heap before GC invocations=2 (full 0):
 garbage-first heap   total reserved 1536000K, committed 96256K, used 52649K [0x00000000a2400000, 0x0000000100000000)
  region size 1024K, 36 young (36864K), 3 survivors (3072K)
 Metaspace       used 18601K, committed 19008K, reserved 1114112K
  class space    used 2428K, committed 2624K, reserved 1048576K
}
Event: 1.651 GC heap after
{Heap after GC invocations=3 (full 0):
 garbage-first heap   total reserved 1536000K, committed 96256K, used 22866K [0x00000000a2400000, 0x0000000100000000)
  region size 1024K, 5 young (5120K), 5 survivors (5120K)
 Metaspace       used 18601K, committed 19008K, reserved 1114112K
  class space    used 2428K, committed 2624K, reserved 1048576K
}
Event: 1.908 GC heap before
{Heap before GC invocations=3 (full 0):
 garbage-first heap   total reserved 1536000K, committed 96256K, used 36178K [0x00000000a2400000, 0x0000000100000000)
  region size 1024K, 19 young (19456K), 5 survivors (5120K)
 Metaspace       used 21134K, committed 21504K, reserved 1114112K
  class space    used 2641K, committed 2816K, reserved 1048576K
}
Event: 1.919 GC heap after
{Heap after GC invocations=4 (full 0):
 garbage-first heap   total reserved 1536000K, committed 96256K, used 24936K [0x00000000a2400000, 0x0000000100000000)
  region size 1024K, 5 young (5120K), 5 survivors (5120K)
 Metaspace       used 21134K, committed 21504K, reserved 1114112K
  class space    used 2641K, committed 2816K, reserved 1048576K
}
Event: 2.626 GC heap before
{Heap before GC invocations=5 (full 0):
 garbage-first heap   total reserved 1536000K, committed 75776K, used 60776K [0x00000000a2400000, 0x0000000100000000)
  region size 1024K, 44 young (45056K), 5 survivors (5120K)
 Metaspace       used 27168K, committed 27520K, reserved 1114112K
  class space    used 3445K, committed 3584K, reserved 1048576K
}
Event: 2.636 GC heap after
{Heap after GC invocations=6 (full 0):
 garbage-first heap   total reserved 1536000K, committed 91136K, used 24887K [0x00000000a2400000, 0x0000000100000000)
  region size 1024K, 5 young (5120K), 5 survivors (5120K)
 Metaspace       used 27168K, committed 27520K, reserved 1114112K
  class space    used 3445K, committed 3584K, reserved 1048576K
}
Event: 3.707 GC heap before
{Heap before GC invocations=6 (full 0):
 garbage-first heap   total reserved 1536000K, committed 91136K, used 71991K [0x00000000a2400000, 0x0000000100000000)
  region size 1024K, 50 young (51200K), 5 survivors (5120K)
 Metaspace       used 35143K, committed 35712K, reserved 1114112K
  class space    used 4681K, committed 4928K, reserved 1048576K
}
Event: 3.719 GC heap after
{Heap after GC invocations=7 (full 0):
 garbage-first heap   total reserved 1536000K, committed 91136K, used 27622K [0x00000000a2400000, 0x0000000100000000)
  region size 1024K, 7 young (7168K), 7 survivors (7168K)
 Metaspace       used 35143K, committed 35712K, reserved 1114112K
  class space    used 4681K, committed 4928K, reserved 1048576K
}
Event: 3.776 GC heap before
{Heap before GC invocations=7 (full 0):
 garbage-first heap   total reserved 1536000K, committed 91136K, used 30694K [0x00000000a2400000, 0x0000000100000000)
  region size 1024K, 11 young (11264K), 7 survivors (7168K)
 Metaspace       used 35587K, committed 36096K, reserved 1114112K
  class space    used 4751K, committed 4992K, reserved 1048576K
}
Event: 3.782 GC heap after
{Heap after GC invocations=8 (full 0):
 garbage-first heap   total reserved 1536000K, committed 91136K, used 29018K [0x00000000a2400000, 0x0000000100000000)
  region size 1024K, 2 young (2048K), 2 survivors (2048K)
 Metaspace       used 35587K, committed 36096K, reserved 1114112K
  class space    used 4751K, committed 4992K, reserved 1048576K
}
Event: 4.970 GC heap before
{Heap before GC invocations=9 (full 0):
 garbage-first heap   total reserved 1536000K, committed 91136K, used 74074K [0x00000000a2400000, 0x0000000100000000)
  region size 1024K, 46 young (47104K), 2 survivors (2048K)
 Metaspace       used 47747K, committed 48320K, reserved 1114112K
  class space    used 6549K, committed 6784K, reserved 1048576K
}
Event: 4.975 GC heap after
{Heap after GC invocations=10 (full 0):
 garbage-first heap   total reserved 1536000K, committed 91136K, used 31312K [0x00000000a2400000, 0x0000000100000000)
  region size 1024K, 4 young (4096K), 4 survivors (4096K)
 Metaspace       used 47747K, committed 48320K, reserved 1114112K
  class space    used 6549K, committed 6784K, reserved 1048576K
}
Event: 5.770 GC heap before
{Heap before GC invocations=10 (full 0):
 garbage-first heap   total reserved 1536000K, committed 91136K, used 71248K [0x00000000a2400000, 0x0000000100000000)
  region size 1024K, 45 young (46080K), 4 survivors (4096K)
 Metaspace       used 59665K, committed 60288K, reserved 1114112K
  class space    used 8381K, committed 8640K, reserved 1048576K
}
Event: 5.775 GC heap after
{Heap after GC invocations=11 (full 0):
 garbage-first heap   total reserved 1536000K, committed 91136K, used 33466K [0x00000000a2400000, 0x0000000100000000)
  region size 1024K, 6 young (6144K), 6 survivors (6144K)
 Metaspace       used 59665K, committed 60288K, reserved 1114112K
  class space    used 8381K, committed 8640K, reserved 1048576K
}
Event: 5.832 GC heap before
{Heap before GC invocations=11 (full 0):
 garbage-first heap   total reserved 1536000K, committed 91136K, used 35514K [0x00000000a2400000, 0x0000000100000000)
  region size 1024K, 9 young (9216K), 6 survivors (6144K)
 Metaspace       used 59984K, committed 60608K, reserved 1114112K
  class space    used 8408K, committed 8704K, reserved 1048576K
}
Event: 5.836 GC heap after
{Heap after GC invocations=12 (full 0):
 garbage-first heap   total reserved 1536000K, committed 91136K, used 33972K [0x00000000a2400000, 0x0000000100000000)
  region size 1024K, 3 young (3072K), 3 survivors (3072K)
 Metaspace       used 59984K, committed 60608K, reserved 1114112K
  class space    used 8408K, committed 8704K, reserved 1048576K
}
Event: 6.754 GC heap before
{Heap before GC invocations=13 (full 0):
 garbage-first heap   total reserved 1536000K, committed 91136K, used 79028K [0x00000000a2400000, 0x0000000100000000)
  region size 1024K, 47 young (48128K), 3 survivors (3072K)
 Metaspace       used 66270K, committed 66944K, reserved 1114112K
  class space    used 9364K, committed 9664K, reserved 1048576K
}
Event: 6.760 GC heap after
{Heap after GC invocations=14 (full 0):
 garbage-first heap   total reserved 1536000K, committed 91136K, used 38437K [0x00000000a2400000, 0x0000000100000000)
  region size 1024K, 6 young (6144K), 6 survivors (6144K)
 Metaspace       used 66270K, committed 66944K, reserved 1114112K
  class space    used 9364K, committed 9664K, reserved 1048576K
}
Event: 1682.508 GC heap before
{Heap before GC invocations=14 (full 0):
 garbage-first heap   total reserved 1536000K, committed 91136K, used 78373K [0x00000000a2400000, 0x0000000100000000)
  region size 1024K, 46 young (47104K), 6 survivors (6144K)
 Metaspace       used 73156K, committed 73984K, reserved 1114112K
  class space    used 10247K, committed 10624K, reserved 1048576K
}
Event: 1682.651 GC heap after
{Heap after GC invocations=15 (full 0):
 garbage-first heap   total reserved 1536000K, committed 92160K, used 42312K [0x00000000a2400000, 0x0000000100000000)
  region size 1024K, 5 young (5120K), 5 survivors (5120K)
 Metaspace       used 73156K, committed 73984K, reserved 1114112K
  class space    used 10247K, committed 10624K, reserved 1048576K
}

